第三方/code/Getui_SDK_Demo_AS_maven/app/build/intermediates/manifest_merge_blame_file/debug/manifest-merger-blame-debug-report.txt
1<?xml version="1.0" encoding="utf-8"?>
2<manifest xmlns:android="http://schemas.android.com/apk/res/android"
3    package="com.wz.app.push"
4    android:versionCode="2"
5    android:versionName="1.1.0" >
6
7    <uses-sdk
8        android:minSdkVersion="19"
8-->src/main/AndroidManifest.xml
9        android:targetSdkVersion="29" />
9-->src/main/AndroidManifest.xml
10    <!-- iBeancon 功能所需权限 -->
11    <uses-permission android:name="android.permission.BLUETOOTH" />
11-->src/main/AndroidManifest.xml:6:5-68
11-->src/main/AndroidManifest.xml:6:22-65
12    <uses-permission android:name="android.permission.BLUETOOTH_ADMIN" />
12-->src/main/AndroidManifest.xml:7:5-74
12-->src/main/AndroidManifest.xml:7:22-71
13    <!-- 个推电子围栏功能所需权限 -->
14    <uses-permission android:name="android.permission.ACCESS_BACKGROUND_LOCATION" />
14-->src/main/AndroidManifest.xml:9:5-85
14-->src/main/AndroidManifest.xml:9:22-82
15    <uses-permission android:name="android.permission.ACCESS_FINE_LOCATION" />
15-->src/main/AndroidManifest.xml:10:5-79
15-->src/main/AndroidManifest.xml:10:22-76
16    <uses-permission android:name="android.permission.ACCESS_COARSE_LOCATION" />
16-->src/main/AndroidManifest.xml:11:5-81
16-->src/main/AndroidManifest.xml:11:22-78
17
18    <!-- 适配android 11及以上，强烈建议加上 -->
19    <queries>
19-->src/main/AndroidManifest.xml:51:5-55:15
20        <intent>
20-->src/main/AndroidManifest.xml:52:9-54:18
21            <action android:name="com.getui.sdk.action" />
21-->src/main/AndroidManifest.xml:53:13-59
21-->src/main/AndroidManifest.xml:53:21-56
22        </intent>
23    </queries>
24    <!-- 个推SDK权限配置开始 -->
25    <uses-permission android:name="android.permission.INTERNET" />
25-->[com.getui:gtsdk:3.2.7.0] AndroidManifest.xml:12:5-67
25-->[com.getui:gtsdk:3.2.7.0] AndroidManifest.xml:12:22-64
26    <uses-permission android:name="android.permission.READ_PHONE_STATE" />
26-->[com.getui:gtsdk:3.2.7.0] AndroidManifest.xml:13:5-75
26-->[com.getui:gtsdk:3.2.7.0] AndroidManifest.xml:13:22-72
27    <uses-permission android:name="android.permission.ACCESS_NETWORK_STATE" />
27-->[com.getui:gtsdk:3.2.7.0] AndroidManifest.xml:14:5-79
27-->[com.getui:gtsdk:3.2.7.0] AndroidManifest.xml:14:22-76
28    <uses-permission android:name="android.permission.ACCESS_WIFI_STATE" />
28-->[com.getui:gtsdk:3.2.7.0] AndroidManifest.xml:15:5-76
28-->[com.getui:gtsdk:3.2.7.0] AndroidManifest.xml:15:22-73
29    <uses-permission android:name="android.permission.VIBRATE" />
29-->[com.getui:gtsdk:3.2.7.0] AndroidManifest.xml:16:5-66
29-->[com.getui:gtsdk:3.2.7.0] AndroidManifest.xml:16:22-63
30    <uses-permission android:name="android.permission.GET_TASKS" /> <!-- 自定义权限 -->
30-->[com.getui:gtsdk:3.2.7.0] AndroidManifest.xml:17:5-68
30-->[com.getui:gtsdk:3.2.7.0] AndroidManifest.xml:17:22-65
31    <uses-permission android:name="getui.permission.GetuiService.com.wz.app.push" />
31-->[com.getui:gtsdk:3.2.7.0] AndroidManifest.xml:20:5-86
31-->[com.getui:gtsdk:3.2.7.0] AndroidManifest.xml:20:22-83
32
33    <permission
33-->[com.getui:gtsdk:3.2.7.0] AndroidManifest.xml:22:5-24:47
34        android:name="getui.permission.GetuiService.com.wz.app.push"
34-->[com.getui:gtsdk:3.2.7.0] AndroidManifest.xml:23:9-70
35        android:protectionLevel="signature" />
35-->[com.getui:gtsdk:3.2.7.0] AndroidManifest.xml:24:9-44
36
37    <application
37-->src/main/AndroidManifest.xml:13:5-48:19
38        android:name="com.getui.demo.DemoApplication"
38-->src/main/AndroidManifest.xml:14:9-40
39        android:allowBackup="true"
39-->src/main/AndroidManifest.xml:15:9-35
40        android:appComponentFactory="android.support.v4.app.CoreComponentFactory"
40-->[com.android.support:support-compat:28.0.0] AndroidManifest.xml:22:18-91
41        android:debuggable="true"
42        android:icon="@mipmap/ic_launcher"
42-->src/main/AndroidManifest.xml:16:9-43
43        android:label="@string/app_name"
43-->src/main/AndroidManifest.xml:17:9-41
44        android:supportsRtl="true"
44-->[com.getui:gtsdk:3.2.7.0] AndroidManifest.xml:29:9-35
45        android:testOnly="true"
46        android:theme="@style/NoActionBar"
46-->src/main/AndroidManifest.xml:18:9-43
47        android:usesCleartextTraffic="true" >
47-->src/main/AndroidManifest.xml:19:9-44
48
49        <!-- 第三方应用配置 -->
50        <activity
50-->src/main/AndroidManifest.xml:22:9-31:20
51            android:name="com.getui.demo.ui.activity.GetuiSdkDemoActivity"
51-->src/main/AndroidManifest.xml:23:13-61
52            android:label="@string/app_name"
52-->src/main/AndroidManifest.xml:24:13-45
53            android:launchMode="singleTop"
53-->src/main/AndroidManifest.xml:25:13-43
54            android:screenOrientation="portrait" >
54-->src/main/AndroidManifest.xml:26:13-49
55            <intent-filter>
55-->src/main/AndroidManifest.xml:27:13-30:29
56                <action android:name="android.intent.action.MAIN" />
56-->src/main/AndroidManifest.xml:28:17-69
56-->src/main/AndroidManifest.xml:28:25-66
57
58                <category android:name="android.intent.category.LAUNCHER" />
58-->src/main/AndroidManifest.xml:29:17-77
58-->src/main/AndroidManifest.xml:29:27-74
59            </intent-filter>
60        </activity>
61        <activity
61-->src/main/AndroidManifest.xml:32:9-34:52
62            android:name="com.getui.demo.ui.activity.AdvancedFunctionDetailsActivity"
62-->src/main/AndroidManifest.xml:33:13-72
63            android:screenOrientation="portrait" />
63-->src/main/AndroidManifest.xml:34:13-49
64
65        <meta-data
66            android:name="GETUI_APPID"
66-->src/main/AndroidManifest.xml:37:13-39
67            android:value="XXisj1q0Pa8iETYC9htUj7" />
67-->src/main/AndroidManifest.xml:38:13-43
68
69        <!-- 用户自定义服务继承自GTIntentService,作为SDK与APP桥梁服务,用来接收各种消息和命令回复 -->
70        <service android:name="com.getui.demo.DemoIntentService" />
70-->src/main/AndroidManifest.xml:41:9-68
70-->src/main/AndroidManifest.xml:41:18-65
71        <!-- 用户自定义服务名 -->
72        <service
72-->src/main/AndroidManifest.xml:43:9-47:46
73            android:name="com.getui.demo.DemoPushService"
73-->src/main/AndroidManifest.xml:44:13-58
74            android:exported="true"
74-->src/main/AndroidManifest.xml:45:13-36
75            android:label="PushService"
75-->src/main/AndroidManifest.xml:46:13-40
76            android:process=":pushservice" />
76-->src/main/AndroidManifest.xml:47:13-43
77        <!-- 配置SDK核心服务 -->
78        <service
78-->[com.getui:gtsdk:3.2.7.0] AndroidManifest.xml:36:9-40:46
79            android:name="com.igexin.sdk.PushService"
79-->[com.getui:gtsdk:3.2.7.0] AndroidManifest.xml:37:13-54
80            android:exported="false"
80-->[com.getui:gtsdk:3.2.7.0] AndroidManifest.xml:38:13-37
81            android:label="NotificationCenter"
81-->[com.getui:gtsdk:3.2.7.0] AndroidManifest.xml:39:13-47
82            android:process=":pushservice" />
82-->[com.getui:gtsdk:3.2.7.0] AndroidManifest.xml:40:13-43
83
84        <receiver
84-->[com.getui:gtsdk:3.2.7.0] AndroidManifest.xml:42:9-49:20
85            android:name="com.igexin.sdk.PushReceiver"
85-->[com.getui:gtsdk:3.2.7.0] AndroidManifest.xml:43:13-55
86            android:exported="false" >
86-->[com.getui:gtsdk:3.2.7.0] AndroidManifest.xml:44:13-37
87            <intent-filter>
87-->[com.getui:gtsdk:3.2.7.0] AndroidManifest.xml:45:13-48:29
88                <action android:name="android.net.conn.CONNECTIVITY_CHANGE" />
88-->[com.getui:gtsdk:3.2.7.0] AndroidManifest.xml:46:17-79
88-->[com.getui:gtsdk:3.2.7.0] AndroidManifest.xml:46:25-76
89                <action android:name="android.intent.action.USER_PRESENT" />
89-->[com.getui:gtsdk:3.2.7.0] AndroidManifest.xml:47:17-77
89-->[com.getui:gtsdk:3.2.7.0] AndroidManifest.xml:47:25-74
90            </intent-filter>
91        </receiver>
92
93        <activity
93-->[com.getui:gtsdk:3.2.7.0] AndroidManifest.xml:51:9-55:75
94            android:name="com.igexin.sdk.PushActivity"
94-->[com.getui:gtsdk:3.2.7.0] AndroidManifest.xml:52:13-55
95            android:excludeFromRecents="true"
95-->[com.getui:gtsdk:3.2.7.0] AndroidManifest.xml:53:13-46
96            android:process=":pushservice"
96-->[com.getui:gtsdk:3.2.7.0] AndroidManifest.xml:54:13-43
97            android:theme="@android:style/Theme.Translucent.NoTitleBar" />
97-->[com.getui:gtsdk:3.2.7.0] AndroidManifest.xml:55:13-72
98        <activity
98-->[com.getui:gtsdk:3.2.7.0] AndroidManifest.xml:56:9-66:20
99            android:name="com.igexin.sdk.GActivity"
99-->[com.getui:gtsdk:3.2.7.0] AndroidManifest.xml:57:13-52
100            android:excludeFromRecents="true"
100-->[com.getui:gtsdk:3.2.7.0] AndroidManifest.xml:58:13-46
101            android:exported="true"
101-->[com.getui:gtsdk:3.2.7.0] AndroidManifest.xml:59:13-36
102            android:process=":pushservice"
102-->[com.getui:gtsdk:3.2.7.0] AndroidManifest.xml:60:13-43
103            android:taskAffinity="com.igexin.sdk.PushActivityTask"
103-->[com.getui:gtsdk:3.2.7.0] AndroidManifest.xml:61:13-67
104            android:theme="@android:style/Theme.Translucent.NoTitleBar" >
104-->[com.getui:gtsdk:3.2.7.0] AndroidManifest.xml:62:13-72
105            <intent-filter>
105-->[com.getui:gtsdk:3.2.7.0] AndroidManifest.xml:63:13-65:29
106                <action android:name="com.getui.sdk.action" />
106-->src/main/AndroidManifest.xml:53:13-59
106-->src/main/AndroidManifest.xml:53:21-56
107            </intent-filter>
108        </activity>
109
110        <service
110-->[com.getui:gtsdk:3.2.7.0] AndroidManifest.xml:68:9-75:19
111            android:name="com.igexin.sdk.GService"
111-->[com.getui:gtsdk:3.2.7.0] AndroidManifest.xml:69:13-51
112            android:exported="true"
112-->[com.getui:gtsdk:3.2.7.0] AndroidManifest.xml:70:13-36
113            android:process=":pushservice" >
113-->[com.getui:gtsdk:3.2.7.0] AndroidManifest.xml:71:13-43
114            <intent-filter>
114-->[com.getui:gtsdk:3.2.7.0] AndroidManifest.xml:63:13-65:29
115                <action android:name="com.getui.sdk.action" />
115-->src/main/AndroidManifest.xml:53:13-59
115-->src/main/AndroidManifest.xml:53:21-56
116            </intent-filter>
117        </service>
118
119        <activity
119-->[com.getui:gtsdk:3.2.7.0] AndroidManifest.xml:77:9-81:75
120            android:name="com.igexin.sdk.GetuiActivity"
120-->[com.getui:gtsdk:3.2.7.0] AndroidManifest.xml:78:13-56
121            android:excludeFromRecents="true"
121-->[com.getui:gtsdk:3.2.7.0] AndroidManifest.xml:79:13-46
122            android:process=":pushservice"
122-->[com.getui:gtsdk:3.2.7.0] AndroidManifest.xml:80:13-43
123            android:theme="@android:style/Theme.Translucent.NoTitleBar" />
123-->[com.getui:gtsdk:3.2.7.0] AndroidManifest.xml:81:13-72
124
125        <service
125-->[com.getui:gtc:3.1.7.0] AndroidManifest.xml:15:9-21:19
126            android:name="com.getui.gtc.GtcService"
126-->[com.getui:gtc:3.1.7.0] AndroidManifest.xml:16:13-52
127            android:exported="false" >
127-->[com.getui:gtc:3.1.7.0] AndroidManifest.xml:17:13-37
128            <intent-filter>
128-->[com.getui:gtc:3.1.7.0] AndroidManifest.xml:18:13-20:29
129                <action android:name="com.getui.gtc.sdk.service.action" />
129-->[com.getui:gtc:3.1.7.0] AndroidManifest.xml:19:17-75
129-->[com.getui:gtc:3.1.7.0] AndroidManifest.xml:19:25-72
130            </intent-filter>
131        </service>
132
133        <provider
133-->[com.getui:gtc:3.1.7.0] AndroidManifest.xml:23:9-26:40
134            android:name="com.getui.gtc.base.GtcProvider"
134-->[com.getui:gtc:3.1.7.0] AndroidManifest.xml:24:13-58
135            android:authorities="com.wz.app.push.getui.gtc.provider"
135-->[com.getui:gtc:3.1.7.0] AndroidManifest.xml:25:13-70
136            android:exported="false" />
136-->[com.getui:gtc:3.1.7.0] AndroidManifest.xml:26:13-37
137    </application>
138
139</manifest>